$ bosh -e bosh-lite -d cf-warden-diego cck -a
Using environment '192.168.50.4' as client 'admin'

Using deployment 'cf-warden-diego'

Task 589

04:39:11 | Scanning 6 VMs: Checking VM states (00:00:11)
04:39:22 | Scanning 6 VMs: 5 OK, 1 unresponsive, 0 missing, 0 unbound (00:00:00)
04:39:22 | Scanning 1 persistent disks: Looking for inactive disks (00:00:00)
04:39:22 | Scanning 1 persistent disks: 1 OK, 0 missing, 0 inactive, 0 mount-info mismatch (00:00:00)

Started  Wed Apr 19 04:39:11 UTC 2017
Finished Wed Apr 19 04:39:22 UTC 2017
Duration 00:00:11

Task 589 done

#  Type                Description
3  unresponsive_agent  cell_z1/0 (1f42b1d1-0a0c-4706-8dfc-ab9fd20fa935) (d0f2ed42-fb05-4039-7b36-5fac08166b50) is not responding

1 problems

Continue? [yN]: y

Task 590
04:39:42 | Applying problem resolutions: cell_z1/0 (1f42b1d1-0a0c-4706-8dfc-ab9fd20fa935) (d0f2ed42-fb05-4039-7b36-5fac08166b50) is not responding (unresponsive_agent 43): Skip for now (00:00:00)

Started  Wed Apr 19 04:39:11 UTC 2017
Finished Wed Apr 19 04:39:42 UTC 2017
Duration 00:00:31

Task 590 done

Succeeded


$ bosh -e bosh-lite -d cf-warden-diego vms

access_z1/1b8e9ad7-668f-4035-bf32-dc21ef3732b7          running -       10.244.16.7     50cddbf1-2588-4997-7e3c-5e9be7130ba2    access_z1
brain_z1/8ba74f5a-672b-4061-8771-e494c3094271           running -       10.244.16.3     227d1b5a-6350-4266-6ba5-51d55d0ecfde    brain_z1
cc_bridge_z1/aa51c8f0-cc75-49e4-84e6-f350212745d5       running -       10.244.16.5     c03e273f-a246-4560-731f-109f2135cb56    cc_bridge_z1
cell_z1/1f42b1d1-0a0c-4706-8dfc-ab9fd20fa935            running -       10.244.16.4     1fef8cf3-6734-426f-61de-c9872290b167    cell_z1
database_z1/6f1bfe49-389d-440e-b93b-d6b3ed153040        running -       10.244.16.2     7e12a04b-da4f-41a9-7f3d-f2d05d4f2a06    database_z1
route_emitter_z1/56a34b30-db5b-414f-a1ec-1172a12f7116   running -       10.244.16.6     a65819cf-f729-4dbe-66f7-be3b4f475d7c    route_emitter_z1
